<?xml version="1.0" encoding="UTF-8"?>
<testng-results skipped="0" failed="0" ignored="0" total="1" passed="1">
  <reporter-output>
  </reporter-output>
  <suite name="Default suite" duration-ms="6933" started-at="2017-12-06T22:36:54Z" finished-at="2017-12-06T22:37:01Z">
    <groups>
    </groups>
    <test name="Default test" duration-ms="6933" started-at="2017-12-06T22:36:54Z" finished-at="2017-12-06T22:37:01Z">
      <class name="com.spectrum.automation.keywords.Test">
        <test-method status="PASS" signature="beforeTest()[pri:0, instance:com.spectrum.automation.keywords.Test@5e3a8624]" name="beforeTest" is-config="true" duration-ms="3353" started-at="2017-12-06T15:36:54Z" finished-at="2017-12-06T15:36:57Z">
          <reporter-output>
          </reporter-output>
        </test-method> <!-- beforeTest -->
        <test-method status="PASS" signature="SimpleTest()[pri:0, instance:com.spectrum.automation.keywords.Test@5e3a8624]" name="SimpleTest" duration-ms="2878" started-at="2017-12-06T15:36:57Z" finished-at="2017-12-06T15:37:00Z">
          <reporter-output>
          </reporter-output>
        </test-method> <!-- SimpleTest -->
        <test-method status="PASS" signature="afterTest()[pri:0, instance:com.spectrum.automation.keywords.Test@5e3a8624]" name="afterTest" is-config="true" duration-ms="688" started-at="2017-12-06T15:37:00Z" finished-at="2017-12-06T15:37:01Z">
          <reporter-output>
          </reporter-output>
        </test-method> <!-- afterTest -->
      </class> <!-- com.spectrum.automation.keywords.Test -->
    </test> <!-- Default test -->
  </suite> <!-- Default suite -->
</testng-results>
